#
# There is insufficient memory for the Java Runtime Environment to continue.
# Native memory allocation (mmap) failed to map 65011712 bytes for G1 virtual space
# Possible reasons:
#   The system is out of physical RAM or swap space
#   The process is running with CompressedOops enabled, and the Java Heap may be blocking the growth of the native heap
# Possible solutions:
#   Reduce memory load on the system
#   Increase physical memory or swap space
#   Check if swap backing store is full
#   Decrease Java heap size (-Xmx/-Xms)
#   Decrease number of Java threads
#   Decrease Java thread stack sizes (-Xss)
#   Set larger code cache with -XX:ReservedCodeCacheSize=
#   JVM is running with Unscaled Compressed Oops mode in which the Java heap is
#     placed in the first 4GB address space. The Java Heap base address is the
#     maximum limit for the native heap growth. Please use -XX:HeapBaseMinAddress
#     to set the Java Heap base and to place the Java Heap above 4GB virtual address.
# This output file may be truncated or incomplete.
#
#  Out of Memory Error (os_windows.cpp:3530), pid=20872, tid=23636
#
# JRE version:  (18.0.2+9) (build )
# Java VM: Java HotSpot(TM) 64-Bit Server VM (18.0.2+9-61, mixed mode, sharing, tiered, compressed oops, compressed class ptrs, g1 gc, windows-amd64)
# No core dump will be written. Minidumps are not enabled by default on client versions of Windows
#

---------------  S U M M A R Y ------------

Command Line: -Dfile.encoding=UTF-8 --module-path=C:\Users\User\eclipse-workspace\Post_json_request\bin;C:\Users\User\Desktop\json-20220320.jar -XX:+ShowCodeDetailsInExceptionMessages -Djdk.module.main=Post_json_request Post_json_request/com.getjson.com.GET_class

Host: Intel(R) Core(TM) i3-6006U CPU @ 2.00GHz, 4 cores, 3G,  Windows 10 , 64 bit Build 19041 (10.0.19041.1706)
Time: Wed Aug 17 17:31:30 2022 India Standard Time elapsed time: 3.234351 seconds (0d 0h 0m 3s)

---------------  T H R E A D  ---------------

Current thread (0x0000013a21900860):  JavaThread "Unknown thread" [_thread_in_vm, id=23636, stack(0x00000039a7700000,0x00000039a7800000)]

Stack: [0x00000039a7700000,0x00000039a7800000]
Native frames: (J=compiled Java code, j=interpreted, Vv=VM code, C=native code)
V  [jvm.dll+0x6993ca]
V  [jvm.dll+0x7f481d]
V  [jvm.dll+0x7f612e]
V  [jvm.dll+0x7f67e3]
V  [jvm.dll+0x25cdaf]
V  [jvm.dll+0x696319]
V  [jvm.dll+0x68ae4a]
V  [jvm.dll+0x3223eb]
V  [jvm.dll+0x329dc6]
V  [jvm.dll+0x37eade]
V  [jvm.dll+0x37ed0f]
V  [jvm.dll+0x2fa16a]
V  [jvm.dll+0x2fb1cd]
V  [jvm.dll+0x7c3450]
V  [jvm.dll+0x38be61]
V  [jvm.dll+0x7a2073]
V  [jvm.dll+0x40dc3f]
V  [jvm.dll+0x40f611]
C  [jli.dll+0x526b]
C  [ucrtbase.dll+0x21bb2]
C  [KERNEL32.DLL+0x17034]
C  [ntdll.dll+0x52651]


---------------  P R O C E S S  ---------------

Threads class SMR info:
_java_thread_list=0x00007ffb597ce550, length=0, elements={
}

Java Threads: ( => current thread )

Other Threads:
  0x0000013a2193efd0 WorkerThread "GC Thread#0" [stack: 0x00000039a7800000,0x00000039a7900000] [id=23640]
  0x0000013a21948a20 ConcurrentGCThread "G1 Main Marker" [stack: 0x00000039a7900000,0x00000039a7a00000] [id=23644]
  0x0000013a2194b340 WorkerThread "G1 Conc#0" [stack: 0x00000039a7a00000,0x00000039a7b00000] [id=23648]

[error occurred during error reporting (printing all threads), id 0xc0000005, EXCEPTION_ACCESS_VIOLATION (0xc0000005) at pc=0x00007ffb58ffa707]

VM state: not at safepoint (not fully initialized)

VM Mutex/Monitor currently owned by a thread:  ([mutex/lock_event])
[0x0000013a218ffef0] Heap_lock - owner thread: 0x0000013a21900860

Heap address: 0x00000000c2000000, size: 992 MB, Compressed Oops mode: 32-bit

CDS archive(s) mapped at: [0x0000000000000000-0x0000000000000000-0x0000000000000000), size 0, SharedBaseAddress: 0x0000000800000000, ArchiveRelocationMode: 0.
Narrow klass base: 0x0000000000000000, Narrow klass shift: 0, Narrow klass range: 0x0

GC Precious Log:
 CardTable entry size: 512
 Card Set container configuration: InlinePtr #cards 5 size 8 Array Of Cards #cards 12 size 40 Howl #buckets 4 coarsen threshold 1843 Howl Bitmap #cards 512 size 80 coarsen threshold 460 Card regions per heap region 1 cards per card region 2048

Heap:
 garbage-first heap   total 0K, used 0K [0x00000000c2000000, 0x0000000100000000)
  region size 1024K, 0 young (0K), 0 survivors (0K)

[error occurred during error reporting (printing heap information), id 0xc0000005, EXCEPTION_ACCESS_VIOLATION (0xc0000005) at pc=0x00007ffb593e1859]

GC Heap History (0 events):
No events

Deoptimization events (0 events):
No events

Classes loaded (0 events):
No events

Classes unloaded (0 events):
No events

Classes redefined (0 events):
No events

Internal exceptions (0 events):
No events

VM Operations (0 events):
No events

Events (1 events):
Event: 0.098 Loaded shared library C:\Program Files\Java\jdk-18.0.2\bin\java.dll


Dynamic libraries:
0x00007ff682b60000 - 0x00007ff682b70000 	C:\Program Files\Java\jdk-18.0.2\bin\javaw.exe
0x00007ffb8eff0000 - 0x00007ffb8f1e5000 	C:\WINDOWS\SYSTEM32\ntdll.dll
0x00007ffb8d6d0000 - 0x00007ffb8d78d000 	C:\WINDOWS\System32\KERNEL32.DLL
0x00007ffb8c9f0000 - 0x00007ffb8ccbd000 	C:\WINDOWS\System32\KERNELBASE.dll
0x00007ffb8c870000 - 0x00007ffb8c970000 	C:\WINDOWS\System32\ucrtbase.dll
0x00007ffb7bb80000 - 0x00007ffb7bb98000 	C:\Program Files\Java\jdk-18.0.2\bin\jli.dll
0x00007ffb8e220000 - 0x00007ffb8e2ce000 	C:\WINDOWS\System32\ADVAPI32.dll
0x00007ffb8da30000 - 0x00007ffb8dace000 	C:\WINDOWS\System32\msvcrt.dll
0x00007ffb8d7f0000 - 0x00007ffb8d88c000 	C:\WINDOWS\System32\sechost.dll
0x00007ffb8d040000 - 0x00007ffb8d165000 	C:\WINDOWS\System32\RPCRT4.dll
0x00007ffb8ec60000 - 0x00007ffb8ee00000 	C:\WINDOWS\System32\USER32.dll
0x00007ffb8c9c0000 - 0x00007ffb8c9e2000 	C:\WINDOWS\System32\win32u.dll
0x00007ffb8d170000 - 0x00007ffb8d19a000 	C:\WINDOWS\System32\GDI32.dll
0x00007ffb8ccc0000 - 0x00007ffb8cdcb000 	C:\WINDOWS\System32\gdi32full.dll
0x00007ffb8cfa0000 - 0x00007ffb8d03d000 	C:\WINDOWS\System32\msvcp_win.dll
0x00007ffb7b220000 - 0x00007ffb7b23a000 	C:\Program Files\Java\jdk-18.0.2\bin\VCRUNTIME140.dll
0x00007ffb7b370000 - 0x00007ffb7b60a000 	C:\WINDOWS\WinSxS\amd64_microsoft.windows.common-controls_6595b64144ccf1df_6.0.19041.1110_none_60b5254171f9507e\COMCTL32.dll
0x00007ffb7b0d0000 - 0x00007ffb7b0da000 	C:\WINDOWS\SYSTEM32\VERSION.dll
0x00007ffb8ead0000 - 0x00007ffb8eb00000 	C:\WINDOWS\System32\IMM32.DLL
0x00007ffb89330000 - 0x00007ffb8933c000 	C:\Program Files\Java\jdk-18.0.2\bin\vcruntime140_1.dll
0x00007ffb668c0000 - 0x00007ffb6694d000 	C:\Program Files\Java\jdk-18.0.2\bin\msvcp140.dll
0x00007ffb58cf0000 - 0x00007ffb59901000 	C:\Program Files\Java\jdk-18.0.2\bin\server\jvm.dll
0x00007ffb8d8f0000 - 0x00007ffb8d8f8000 	C:\WINDOWS\System32\PSAPI.DLL
0x00007ffb7df40000 - 0x00007ffb7df49000 	C:\WINDOWS\SYSTEM32\WSOCK32.dll
0x00007ffb8e1b0000 - 0x00007ffb8e21b000 	C:\WINDOWS\System32\WS2_32.dll
0x00007ffb7a4c0000 - 0x00007ffb7a4e7000 	C:\WINDOWS\SYSTEM32\WINMM.dll
0x00007ffb8af90000 - 0x00007ffb8afa2000 	C:\WINDOWS\SYSTEM32\kernel.appcore.dll
0x00007ffb77b70000 - 0x00007ffb77b7a000 	C:\Program Files\Java\jdk-18.0.2\bin\jimage.dll
0x00007ffb8aca0000 - 0x00007ffb8ae84000 	C:\WINDOWS\SYSTEM32\DBGHELP.DLL
0x00007ffb75f70000 - 0x00007ffb75f9c000 	C:\WINDOWS\SYSTEM32\dbgcore.DLL
0x00007ffb8c730000 - 0x00007ffb8c7b2000 	C:\WINDOWS\System32\bcryptPrimitives.dll
0x00007ffb6fd40000 - 0x00007ffb6fd65000 	C:\Program Files\Java\jdk-18.0.2\bin\java.dll

dbghelp: loaded successfully - version: 4.0.5 - missing functions: none
symbol engine: initialized successfully - sym options: 0x614 - pdb path: .;C:\Program Files\Java\jdk-18.0.2\bin;C:\WINDOWS\SYSTEM32;C:\WINDOWS\WinSxS\amd64_microsoft.windows.common-controls_6595b64144ccf1df_6.0.19041.1110_none_60b5254171f9507e;C:\Program Files\Java\jdk-18.0.2\bin\server

VM Arguments:
jvm_args: -Dfile.encoding=UTF-8 --module-path=C:\Users\User\eclipse-workspace\Post_json_request\bin;C:\Users\User\Desktop\json-20220320.jar -XX:+ShowCodeDetailsInExceptionMessages -Djdk.module.main=Post_json_request 
java_command: Post_json_request/com.getjson.com.GET_class
java_class_path (initial): <not set>
Launcher Type: SUN_STANDARD

[Global flags]
     intx CICompilerCount                          = 3                                         {product} {ergonomic}
     uint ConcGCThreads                            = 1                                         {product} {ergonomic}
     uint G1ConcRefinementThreads                  = 4                                         {product} {ergonomic}
   size_t G1HeapRegionSize                         = 1048576                                   {product} {ergonomic}
    uintx GCDrainStackTargetSize                   = 64                                        {product} {ergonomic}
   size_t InitialHeapSize                          = 65011712                                  {product} {ergonomic}
   size_t MarkStackSize                            = 4194304                                   {product} {ergonomic}
   size_t MaxHeapSize                              = 1040187392                                {product} {ergonomic}
   size_t MinHeapDeltaBytes                        = 1048576                                   {product} {ergonomic}
   size_t MinHeapSize                              = 8388608                                   {product} {ergonomic}
    uintx NonNMethodCodeHeapSize                   = 5832780                                {pd product} {ergonomic}
    uintx NonProfiledCodeHeapSize                  = 122912730                              {pd product} {ergonomic}
    uintx ProfiledCodeHeapSize                     = 122912730                              {pd product} {ergonomic}
    uintx ReservedCodeCacheSize                    = 251658240                              {pd product} {ergonomic}
     bool SegmentedCodeCache                       = true                                      {product} {ergonomic}
     bool ShowCodeDetailsInExceptionMessages       = true                                   {manageable} {command line}
   size_t SoftMaxHeapSize                          = 1040187392                             {manageable} {ergonomic}
     bool UseCompressedClassPointers               = true                           {product lp64_product} {ergonomic}
     bool UseCompressedOops                        = true                           {product lp64_product} {ergonomic}
     bool UseG1GC                                  = true                                      {product} {ergonomic}
     bool UseLargePagesIndividualAllocation        = false                                  {pd product} {ergonomic}

Logging:
Log output configuration:
 #0: stdout all=warning uptime,level,tags foldmultilines=false
 #1: stderr all=off uptime,level,tags foldmultilines=false

Environment Variables:
JAVA_HOME=C:\Users\User\Desktop\java-1.8.0-openjdk-1.8.0.342-1.b07.redhat.windows.x86_64
PATH=C:/Program Files/Java/jdk-18.0.2/bin/server;C:/Program Files/Java/jdk-18.0.2/bin;C:\Program Files\Common Files\Oracle\Java\javapath;C:\Program Files\Python310\Scripts\;C:\Program Files\Python310\;C:\WINDOWS\system32;C:\WINDOWS;C:\WINDOWS\System32\Wbem;C:\WINDOWS\System32\WindowsPowerShell\v1.0\;C:\Program Files\PuTTY\;C:\WINDOWS\System32\OpenSSH\;C:\MinGW\bin;C:\Infineon\Tools\ModusToolbox\tools_2.4\;C:\Program Files\Git\cmd;%JAVA_HOME\bin;C:\Users\User\AppData\Local\Microsoft\WindowsApps;C:\Users\User\AppData\Local\Programs\Microsoft VS Code\bin;;C:\Users\User\Desktop;
USERNAME=User
OS=Windows_NT
PROCESSOR_IDENTIFIER=Intel64 Family 6 Model 78 Stepping 3, GenuineIntel



---------------  S Y S T E M  ---------------

OS:
 Windows 10 , 64 bit Build 19041 (10.0.19041.1706)
OS uptime: 2 days 2:19 hours

CPU: total 4 (initial active 4) (2 cores per cpu, 2 threads per core) family 6 model 78 stepping 3 microcode 0xcc, cx8, cmov, fxsr, ht, mmx, 3dnowpref, sse, sse2, sse3, ssse3, sse4.1, sse4.2, popcnt, lzcnt, tsc, tscinvbit, avx, avx2, aes, erms, clmul, bmi1, bmi2, adx, fma, vzeroupper, clflush, clflushopt

Memory: 4k page, system-wide physical 3965M (427M free)
TotalPageFile size 16253M (AvailPageFile size 17M)
current process WorkingSet (physical memory assigned to process): 10M, peak: 10M
current process commit charge ("private bytes"): 51M, peak: 113M

vm_info: Java HotSpot(TM) 64-Bit Server VM (18.0.2+9-61) for windows-amd64 JRE (18.0.2+9-61), built on Jun  7 2022 13:09:01 by "mach5one" with MS VC++ 16.8 / 16.9 (VS2019)

END.
